<?xml version="1.0" encoding="UTF-8"?>
<testng-results ignored="0" total="2" passed="1" failed="1" skipped="0">
  <reporter-output>
  </reporter-output>
  <suite started-at="2023-11-23T14:31:34 IST" name="Default suite" finished-at="2023-11-23T14:32:30 IST" duration-ms="55502">
    <groups>
      <group name="cucumber">
        <method signature="AbstractTestNGCucumberTests.runScenario(io.cucumber.testng.PickleWrapper,io.cucumber.testng.FeatureWrapper)[pri:0, instance:runner.TestRunner@66982506]" name="runScenario" class="io.cucumber.testng.AbstractTestNGCucumberTests"/>
      </group> <!-- cucumber -->
    </groups>
    <test started-at="2023-11-23T14:31:34 IST" name="Default test" finished-at="2023-11-23T14:32:30 IST" duration-ms="55502">
      <class name="runner.TestRunner">
        <test-method is-config="true" signature="setUpClass(org.testng.ITestContext)[pri:0, instance:runner.TestRunner@66982506]" started-at="2023-11-23T14:31:34 IST" name="setUpClass" finished-at="2023-11-23T14:31:35 IST" duration-ms="963" status="PASS">
          <params>
            <param index="0">
              <value>
                <![CDATA[org.testng.TestRunner@4040ccae]]>
              </value>
            </param>
          </params>
          <reporter-output>
          </reporter-output>
        </test-method> <!-- setUpClass -->
        <test-method signature="runScenario(io.cucumber.testng.PickleWrapper,io.cucumber.testng.FeatureWrapper)[pri:0, instance:runner.TestRunner@66982506]" started-at="2023-11-23T14:31:35 IST" name="runScenario" description="Runs Cucumber Scenarios" data-provider="scenarios" finished-at="2023-11-23T14:32:04 IST" duration-ms="29130" status="FAIL">
          <params>
            <param index="0">
              <value>
                <![CDATA["Checking the mandatory fields for the new patient details in Inpatient"]]>
              </value>
            </param>
            <param index="1">
              <value>
                <![CDATA["Checking the Inpatient Module"]]>
              </value>
            </param>
          </params>
          <exception class="java.lang.AssertionError">
            <full-stacktrace>
              <![CDATA[java.lang.AssertionError
at org.junit.Assert.fail(Assert.java:87)
at org.junit.Assert.assertTrue(Assert.java:42)
at org.junit.Assert.assertTrue(Assert.java:53)
at com.stepdefinition.AdminLoginStepDefinition.checks_the_name_in_inpatient(AdminLoginStepDefinition.java:280)
at ✽.checks the name in Inpatient(file:///C:/MainPilotDeepak/Test/smartHospital/src/test/resources/Features/Inpatient.feature:31)
]]>
            </full-stacktrace>
          </exception> <!-- java.lang.AssertionError -->
          <reporter-output>
          </reporter-output>
        </test-method> <!-- runScenario -->
        <test-method signature="runScenario(io.cucumber.testng.PickleWrapper,io.cucumber.testng.FeatureWrapper)[pri:0, instance:runner.TestRunner@66982506]" started-at="2023-11-23T14:32:04 IST" name="runScenario" description="Runs Cucumber Scenarios" data-provider="scenarios" finished-at="2023-11-23T14:32:24 IST" duration-ms="19653" status="PASS">
          <params>
            <param index="0">
              <value>
                <![CDATA["Checking the mandatory fields for the new patient details in outpatient"]]>
              </value>
            </param>
            <param index="1">
              <value>
                <![CDATA["Checking the Outpatient Module"]]>
              </value>
            </param>
          </params>
          <reporter-output>
          </reporter-output>
        </test-method> <!-- runScenario -->
        <test-method is-config="true" signature="tearDownClass()[pri:0, instance:runner.TestRunner@66982506]" started-at="2023-11-23T14:32:24 IST" name="tearDownClass" finished-at="2023-11-23T14:32:30 IST" duration-ms="5696" status="PASS">
          <reporter-output>
          </reporter-output>
        </test-method> <!-- tearDownClass -->
      </class> <!-- runner.TestRunner -->
    </test> <!-- Default test -->
  </suite> <!-- Default suite -->
</testng-results>
